<?xml version="1.0" encoding="UTF-8"?>
<!-- Generated by org.testng.reporters.JUnitReportReporter -->
<testsuite hostname="Ashok-PC" failures="0" tests="4" name="FirstMaven.ThirdTest" time="35.885" errors="0" timestamp="2020-06-09T19:51:15 IST" skipped="0">
  <testcase classname="FirstMaven.ThirdTest" name="thirdprint1" time="0.001"/>
  <system-out/>
  <testcase classname="FirstMaven.ThirdTest" name="openurl3" time="34.760"/>
  <system-out/>
  <testcase classname="FirstMaven.ThirdTest" name="Screenshot3" time="1.123"/>
  <system-out/>
  <testcase classname="FirstMaven.ThirdTest" name="thirdprint2" time="0.001"/>
  <system-out/>
</testsuite> <!-- FirstMaven.ThirdTest -->
